TN:
SF:src/RiskEngineSol.sol
DA:27,9
FN:27,RiskEngineSol.checkVolatility
FNDA:9,RiskEngineSol.checkVolatility
DA:31,9
DA:32,9
BRDA:32,0,0,1
DA:35,8
DA:36,8
DA:37,37
DA:39,8
DA:40,8
BRDA:40,1,0,1
DA:43,7
DA:44,7
DA:45,35
DA:46,35
BRDA:46,2,0,14
BRDA:46,2,1,21
DA:47,14
DA:49,21
DA:51,35
DA:55,7
DA:58,7
DA:61,7
DA:62,7
DA:63,7
DA:65,7
DA:74,6
FN:74,RiskEngineSol.computeVariance
FNDA:6,RiskEngineSol.computeVariance
DA:77,6
DA:78,6
BRDA:78,3,0,1
DA:80,5
DA:81,5
DA:82,355
DA:84,5
DA:85,5
BRDA:85,4,0,1
DA:87,4
DA:88,4
DA:89,353
DA:90,353
BRDA:90,5,0,177
BRDA:90,5,1,176
DA:91,177
DA:93,176
DA:95,353
DA:98,4
DA:100,4
DA:101,4
DA:102,4
DA:104,4
FNF:2
FNH:2
LF:41
LH:41
BRF:8
BRH:8
end_of_record
TN:
SF:src/VetoVault.sol
DA:103,1
FN:103,VetoVault.onlyOwner
FNDA:1,VetoVault.onlyOwner
DA:104,1
BRDA:104,0,0,-
DA:108,10
FN:108,VetoVault.onlyAgent
FNDA:10,VetoVault.onlyAgent
DA:109,10
BRDA:109,1,0,1
DA:120,31
FN:120,VetoVault.constructor
FNDA:31,VetoVault.constructor
DA:121,31
DA:122,31
DA:123,31
DA:132,33
FN:132,VetoVault.setAgent
FNDA:33,VetoVault.setAgent
DA:133,32
DA:134,32
DA:135,32
DA:142,4
FN:142,VetoVault.setThreshold
FNDA:4,VetoVault.setThreshold
DA:143,3
DA:144,3
DA:145,3
DA:152,1
FN:152,VetoVault.setRiskEngine
FNDA:1,VetoVault.setRiskEngine
DA:153,1
DA:161,4
FN:161,VetoVault.withdraw
FNDA:4,VetoVault.withdraw
DA:162,3
DA:163,3
BRDA:163,2,0,1
DA:164,2
DA:186,10
FN:186,VetoVault.executeTrade
FNDA:10,VetoVault.executeTrade
DA:192,9
BRDA:192,3,0,1
DA:193,8
BRDA:193,4,0,1
DA:196,7
DA:198,7
BRDA:198,5,0,2
DA:200,2
DA:201,2
DA:203,2
DA:211,2
DA:218,5
DA:219,5
BRDA:219,6,0,1
DA:221,4
DA:223,4
DA:231,4
DA:239,2
FN:239,VetoVault.balance
FNDA:2,VetoVault.balance
DA:240,2
DA:246,1
FN:246,VetoVault.stats
FNDA:1,VetoVault.stats
DA:247,1
DA:253,1
FN:253,VetoVault.receive
FNDA:1,VetoVault.receive
DA:254,1
FNF:11
FNH:11
LF:42
LH:42
BRF:7
BRH:6
end_of_record
TN:
SF:test/VetoVault.t.sol
DA:355,0
FN:355,MockTarget.fallback.0
FNDA:0,MockTarget.fallback.0
DA:356,0
DA:359,4
FN:359,MockTarget.receive.0
FNDA:4,MockTarget.receive.0
DA:360,4
DA:368,2
FN:368,RevertingTarget.receive.1
FNDA:2,RevertingTarget.receive.1
DA:369,2
DA:371,0
FN:371,RevertingTarget.fallback.1
FNDA:0,RevertingTarget.fallback.1
DA:372,0
FNF:4
FNH:2
LF:8
LH:4
BRF:0
BRH:0
end_of_record
